SF:src/NestedLetCaseIf.elm
DA:6,5
DA:8,4
DA:10,3
DA:12,1
DA:14,1
DA:16,1
DA:18,1
DA:20,1
DA:27,2
DA:29,1
DA:31,1
DA:33,2
DA:40,2
DA:41,1
DA:43,1
DA:45,2
DA:52,5
DA:54,4
DA:56,1
DA:59,5
DA:60,3
DA:62,2
DA:64,1
DA:66,0
DA:68,2
DA:70,1
DA:72,1
DA:74,0
DA:76,5
DA:81,0
DA:82,0
DA:83,0
DA:85,0
DA:87,0
DA:88,0
DA:90,0
DA:95,0
DA:96,0
DA:98,0
DA:100,0
DA:102,0
DA:104,0
DA:106,0
DA:111,0
DA:113,0
DA:114,0
DA:116,0
DA:119,0
DA:120,0
DA:122,0
DA:127,0
DA:129,0
DA:130,0
DA:132,0
DA:134,0
DA:139,0
DA:142,0
DA:143,0
DA:145,0
DA:148,0
DA:149,0
DA:151,0
DA:159,0
DA:161,0
DA:164,0
DA:166,0
DA:168,0
LH:27
LF:67
end_of_record